{"uuid":"8d5fca87-7543-41a2-a7fb-8226b121c2b5","historyId":"6b8af0dfbf5145410a64b258970cb17","fullName":"src/test/resources/features/createUsers.feature:5","labels":[{"name":"host","value":"DheenatalansAir.fios-router.home"},{"name":"thread","value":"13757@DheenatalansAir.fios-router.home.main(1)"},{"name":"feature","value":"Create User API"},{"name":"story","value":"Validate create user API with data from Excel"},{"name":"suite","value":"Create User API"},{"name":"testClass","value":"Validate create user API with data from Excel"},{"name":"framework","value":"cucumber4jvm"},{"name":"language","value":"java"},{"name":"gherkin_uri","value":"file:///Users/mathumathibalakrishnan/eclipse/Mathumathi_2024/restassured_bdd/src/test/resources/features/createUsers.feature"},{"name":"package","value":"src.test.resources.features.createUsers_feature.Create User API"}],"links":[],"name":"Validate create user API with data from Excel","status":"failed","statusDetails":{"known":false,"muted":false,"flaky":false,"message":"1 expectation failed.\nResponse body doesn't match expectation.\nExpected: The content to match the given JSON schema.\nerror: object has missing required properties ([\"userAddress\",\"user_contact_number\",\"user_email_id\",\"user_first_name\",\"user_last_name\"])\n    level: \"error\"\n    schema: {\"loadingURI\":\"file:/Users/mathumathibalakrishnan/eclipse/Mathumathi_2024/restassured_bdd/target/test-classes/schemas/createUserSchema.json#\",\"pointer\":\"\"}\n    instance: {\"pointer\":\"\"}\n    domain: \"validation\"\n    keyword: \"required\"\n    required: [\"userAddress\",\"user_contact_number\",\"user_email_id\",\"user_first_name\",\"user_last_name\"]\n    missing: [\"userAddress\",\"user_contact_number\",\"user_email_id\",\"user_first_name\",\"user_last_name\"]\n\n  Actual: {\"status\":\"409 CONFLICT\",\"message\":\"User already exist with same email id\"}\n","trace":"java.lang.AssertionError: 1 expectation failed.\nResponse body doesn't match expectation.\nExpected: The content to match the given JSON schema.\nerror: object has missing required properties ([\"userAddress\",\"user_contact_number\",\"user_email_id\",\"user_first_name\",\"user_last_name\"])\n    level: \"error\"\n    schema: {\"loadingURI\":\"file:/Users/mathumathibalakrishnan/eclipse/Mathumathi_2024/restassured_bdd/target/test-classes/schemas/createUserSchema.json#\",\"pointer\":\"\"}\n    instance: {\"pointer\":\"\"}\n    domain: \"validation\"\n    keyword: \"required\"\n    required: [\"userAddress\",\"user_contact_number\",\"user_email_id\",\"user_first_name\",\"user_last_name\"]\n    missing: [\"userAddress\",\"user_contact_number\",\"user_email_id\",\"user_first_name\",\"user_last_name\"]\n\n  Actual: {\"status\":\"409 CONFLICT\",\"message\":\"User already exist with same email id\"}\n\n\tat java.base/jdk.internal.reflect.NativeConstructorAccessorImpl.newInstance0(Native Method)\n\tat java.base/jdk.internal.reflect.NativeConstructorAccessorImpl.newInstance(NativeConstructorAccessorImpl.java:77)\n\tat java.base/jdk.internal.reflect.DelegatingConstructorAccessorImpl.newInstance(DelegatingConstructorAccessorImpl.java:45)\n\tat java.base/java.lang.reflect.Constructor.newInstanceWithCaller(Constructor.java:499)\n\tat java.base/java.lang.reflect.Constructor.newInstance(Constructor.java:480)\n\tat org.codehaus.groovy.reflection.CachedConstructor.invoke(CachedConstructor.java:73)\n\tat org.codehaus.groovy.runtime.callsite.ConstructorSite$ConstructorSiteNoUnwrapNoCoerce.callConstructor(ConstructorSite.java:108)\n\tat org.codehaus.groovy.runtime.callsite.CallSiteArray.defaultCallConstructor(CallSiteArray.java:57)\n\tat org.codehaus.groovy.runtime.callsite.AbstractCallSite.callConstructor(AbstractCallSite.java:263)\n\tat org.codehaus.groovy.runtime.callsite.AbstractCallSite.callConstructor(AbstractCallSite.java:277)\n\tat io.restassured.internal.ResponseSpecificationImpl$HamcrestAssertionClosure.validate(ResponseSpecificationImpl.groovy:512)\n\tat io.restassured.internal.ResponseSpecificationImpl$HamcrestAssertionClosure$validate$1.call(Unknown Source)\n\tat io.restassured.internal.ResponseSpecificationImpl.validateResponseIfRequired(ResponseSpecificationImpl.groovy:696)\n\tat io.restassured.internal.ResponseSpecificationImpl.this$2$validateResponseIfRequired(ResponseSpecificationImpl.groovy)\n\tat java.base/jdk.internal.reflect.NativeMethodAccessorImpl.invoke0(Native Method)\n\tat java.base/jdk.internal.reflect.NativeMethodAccessorImpl.invoke(NativeMethodAccessorImpl.java:77)\n\tat java.base/jdk.internal.reflect.DelegatingMethodAccessorImpl.invoke(DelegatingMethodAccessorImpl.java:43)\n\tat java.base/java.lang.reflect.Method.invoke(Method.java:568)\n\tat org.codehaus.groovy.runtime.callsite.PlainObjectMetaMethodSite.doInvoke(PlainObjectMetaMethodSite.java:43)\n\tat org.codehaus.groovy.runtime.callsite.PogoMetaMethodSite$PogoCachedMethodSiteNoUnwrapNoCoerce.invoke(PogoMetaMethodSite.java:198)\n\tat org.codehaus.groovy.runtime.callsite.PogoMetaMethodSite.callCurrent(PogoMetaMethodSite.java:62)\n\tat org.codehaus.groovy.runtime.callsite.CallSiteArray.defaultCallCurrent(CallSiteArray.java:49)\n\tat org.codehaus.groovy.runtime.callsite.AbstractCallSite.callCurrent(AbstractCallSite.java:171)\n\tat org.codehaus.groovy.runtime.callsite.AbstractCallSite.callCurrent(AbstractCallSite.java:185)\n\tat io.restassured.internal.ResponseSpecificationImpl.body(ResponseSpecificationImpl.groovy:107)\n\tat io.restassured.internal.ValidatableResponseOptionsImpl.body(ValidatableResponseOptionsImpl.java:238)\n\tat stepdefinition.createUsertest.the_response_schema_should_be_valid(createUsertest.java:198)\n\tat ✽.the response schema should be valid(file:///Users/mathumathibalakrishnan/eclipse/Mathumathi_2024/restassured_bdd/src/test/resources/features/createUsers.feature:9)\n"},"stage":"finished","steps":[{"name":"Given  I have the base URL","status":"passed","statusDetails":{"known":false,"muted":false,"flaky":false},"stage":"finished","steps":[],"attachments":[],"parameters":[],"start":1727400033009,"stop":1727400033021},{"name":"When  I send a POST request with user data from all Excel rows","status":"passed","statusDetails":{"known":false,"muted":false,"flaky":false},"stage":"finished","steps":[],"attachments":[],"parameters":[],"start":1727400033022,"stop":1727400059789},{"name":"Then  the response data should match the request from all Excel rows","status":"passed","statusDetails":{"known":false,"muted":false,"flaky":false},"stage":"finished","steps":[],"attachments":[],"parameters":[],"start":1727400059805,"stop":1727400060076},{"name":"And  the response schema should be valid","status":"failed","statusDetails":{"known":false,"muted":false,"flaky":false,"message":"1 expectation failed.\nResponse body doesn't match expectation.\nExpected: The content to match the given JSON schema.\nerror: object has missing required properties ([\"userAddress\",\"user_contact_number\",\"user_email_id\",\"user_first_name\",\"user_last_name\"])\n    level: \"error\"\n    schema: {\"loadingURI\":\"file:/Users/mathumathibalakrishnan/eclipse/Mathumathi_2024/restassured_bdd/target/test-classes/schemas/createUserSchema.json#\",\"pointer\":\"\"}\n    instance: {\"pointer\":\"\"}\n    domain: \"validation\"\n    keyword: \"required\"\n    required: [\"userAddress\",\"user_contact_number\",\"user_email_id\",\"user_first_name\",\"user_last_name\"]\n    missing: [\"userAddress\",\"user_contact_number\",\"user_email_id\",\"user_first_name\",\"user_last_name\"]\n\n  Actual: {\"status\":\"409 CONFLICT\",\"message\":\"User already exist with same email id\"}\n","trace":"java.lang.AssertionError: 1 expectation failed.\nResponse body doesn't match expectation.\nExpected: The content to match the given JSON schema.\nerror: object has missing required properties ([\"userAddress\",\"user_contact_number\",\"user_email_id\",\"user_first_name\",\"user_last_name\"])\n    level: \"error\"\n    schema: {\"loadingURI\":\"file:/Users/mathumathibalakrishnan/eclipse/Mathumathi_2024/restassured_bdd/target/test-classes/schemas/createUserSchema.json#\",\"pointer\":\"\"}\n    instance: {\"pointer\":\"\"}\n    domain: \"validation\"\n    keyword: \"required\"\n    required: [\"userAddress\",\"user_contact_number\",\"user_email_id\",\"user_first_name\",\"user_last_name\"]\n    missing: [\"userAddress\",\"user_contact_number\",\"user_email_id\",\"user_first_name\",\"user_last_name\"]\n\n  Actual: {\"status\":\"409 CONFLICT\",\"message\":\"User already exist with same email id\"}\n\n\tat java.base/jdk.internal.reflect.NativeConstructorAccessorImpl.newInstance0(Native Method)\n\tat java.base/jdk.internal.reflect.NativeConstructorAccessorImpl.newInstance(NativeConstructorAccessorImpl.java:77)\n\tat java.base/jdk.internal.reflect.DelegatingConstructorAccessorImpl.newInstance(DelegatingConstructorAccessorImpl.java:45)\n\tat java.base/java.lang.reflect.Constructor.newInstanceWithCaller(Constructor.java:499)\n\tat java.base/java.lang.reflect.Constructor.newInstance(Constructor.java:480)\n\tat org.codehaus.groovy.reflection.CachedConstructor.invoke(CachedConstructor.java:73)\n\tat org.codehaus.groovy.runtime.callsite.ConstructorSite$ConstructorSiteNoUnwrapNoCoerce.callConstructor(ConstructorSite.java:108)\n\tat org.codehaus.groovy.runtime.callsite.CallSiteArray.defaultCallConstructor(CallSiteArray.java:57)\n\tat org.codehaus.groovy.runtime.callsite.AbstractCallSite.callConstructor(AbstractCallSite.java:263)\n\tat org.codehaus.groovy.runtime.callsite.AbstractCallSite.callConstructor(AbstractCallSite.java:277)\n\tat io.restassured.internal.ResponseSpecificationImpl$HamcrestAssertionClosure.validate(ResponseSpecificationImpl.groovy:512)\n\tat io.restassured.internal.ResponseSpecificationImpl$HamcrestAssertionClosure$validate$1.call(Unknown Source)\n\tat io.restassured.internal.ResponseSpecificationImpl.validateResponseIfRequired(ResponseSpecificationImpl.groovy:696)\n\tat io.restassured.internal.ResponseSpecificationImpl.this$2$validateResponseIfRequired(ResponseSpecificationImpl.groovy)\n\tat java.base/jdk.internal.reflect.NativeMethodAccessorImpl.invoke0(Native Method)\n\tat java.base/jdk.internal.reflect.NativeMethodAccessorImpl.invoke(NativeMethodAccessorImpl.java:77)\n\tat java.base/jdk.internal.reflect.DelegatingMethodAccessorImpl.invoke(DelegatingMethodAccessorImpl.java:43)\n\tat java.base/java.lang.reflect.Method.invoke(Method.java:568)\n\tat org.codehaus.groovy.runtime.callsite.PlainObjectMetaMethodSite.doInvoke(PlainObjectMetaMethodSite.java:43)\n\tat org.codehaus.groovy.runtime.callsite.PogoMetaMethodSite$PogoCachedMethodSiteNoUnwrapNoCoerce.invoke(PogoMetaMethodSite.java:198)\n\tat org.codehaus.groovy.runtime.callsite.PogoMetaMethodSite.callCurrent(PogoMetaMethodSite.java:62)\n\tat org.codehaus.groovy.runtime.callsite.CallSiteArray.defaultCallCurrent(CallSiteArray.java:49)\n\tat org.codehaus.groovy.runtime.callsite.AbstractCallSite.callCurrent(AbstractCallSite.java:171)\n\tat org.codehaus.groovy.runtime.callsite.AbstractCallSite.callCurrent(AbstractCallSite.java:185)\n\tat io.restassured.internal.ResponseSpecificationImpl.body(ResponseSpecificationImpl.groovy:107)\n\tat io.restassured.internal.ValidatableResponseOptionsImpl.body(ValidatableResponseOptionsImpl.java:238)\n\tat stepdefinition.createUsertest.the_response_schema_should_be_valid(createUsertest.java:198)\n\tat ✽.the response schema should be valid(file:///Users/mathumathibalakrishnan/eclipse/Mathumathi_2024/restassured_bdd/src/test/resources/features/createUsers.feature:9)\n"},"stage":"finished","steps":[],"attachments":[],"parameters":[],"start":1727400060078,"stop":1727400060587}],"attachments":[],"parameters":[],"start":1727400032989,"stop":1727400060597}