<?xml version="1.0" encoding="UTF-8"?>
<testng-results ignored="0" total="1" passed="1" failed="0" skipped="0">
  <reporter-output>
  </reporter-output>
  <suite started-at="2024-09-23T19:35:52 EDT" name="Default suite" finished-at="2024-09-23T19:35:55 EDT" duration-ms="3605">
    <groups>
      <group name="cucumber">
        <method signature="AbstractTestNGCucumberTests.runScenario(io.cucumber.testng.PickleWrapper,io.cucumber.testng.FeatureWrapper)[pri:0, instance:runner.testrunner1@3aa078fd]" name="runScenario" class="io.cucumber.testng.AbstractTestNGCucumberTests"/>
      </group> <!-- cucumber -->
    </groups>
    <test started-at="2024-09-23T19:35:52 EDT" name="Default test" finished-at="2024-09-23T19:35:55 EDT" duration-ms="3605">
      <class name="runner.testrunner1">
        <test-method is-config="true" signature="setUpClass(org.testng.ITestContext)[pri:0, instance:runner.testrunner1@3aa078fd]" started-at="2024-09-23T19:35:52 EDT" name="setUpClass" finished-at="2024-09-23T19:35:53 EDT" duration-ms="866" status="PASS">
          <params>
            <param index="0">
              <value>
                <![CDATA[org.testng.TestRunner@3ea48c37]]>
              </value>
            </param>
          </params>
          <reporter-output>
          </reporter-output>
        </test-method> <!-- setUpClass -->
        <test-method signature="runScenario(io.cucumber.testng.PickleWrapper,io.cucumber.testng.FeatureWrapper)[pri:0, instance:runner.testrunner1@3aa078fd]" started-at="2024-09-23T19:35:53 EDT" name="runScenario" description="Runs Cucumber Scenarios" data-provider="scenarios" finished-at="2024-09-23T19:35:55 EDT" duration-ms="2628" status="PASS">
          <params>
            <param index="0">
              <value>
                <![CDATA["Verify API status"]]>
              </value>
            </param>
            <param index="1">
              <value>
                <![CDATA["Sample API Testing"]]>
              </value>
            </param>
          </params>
          <reporter-output>
          </reporter-output>
        </test-method> <!-- runScenario -->
        <test-method is-config="true" signature="tearDownClass()[pri:0, instance:runner.testrunner1@3aa078fd]" started-at="2024-09-23T19:35:55 EDT" name="tearDownClass" finished-at="2024-09-23T19:35:55 EDT" duration-ms="54" status="PASS">
          <reporter-output>
          </reporter-output>
        </test-method> <!-- tearDownClass -->
      </class> <!-- runner.testrunner1 -->
    </test> <!-- Default test -->
  </suite> <!-- Default suite -->
</testng-results>
